0 info it worked if it ends with ok
1 verbose cli [ '/home/ademola/.nvm/versions/node/v7.4.0/bin/node',
1 verbose cli   '/home/ademola/.nvm/versions/node/v7.4.0/bin/npm',
1 verbose cli   'run',
1 verbose cli   'build' ]
2 info using npm@4.0.5
3 info using node@v7.4.0
4 verbose run-script [ 'prebuild', 'build', 'postbuild' ]
5 info lifecycle react-rough@0.1.0~prebuild: react-rough@0.1.0
6 verbose lifecycle react-rough@0.1.0~prebuild: unsafe-perm in lifecycle true
7 verbose lifecycle react-rough@0.1.0~prebuild: PATH: /home/ademola/.nvm/versions/node/v7.4.0/lib/node_modules/npm/bin/node-gyp-bin:/home/ademola/workspace/react-rough/node_modules/.bin:/usr/local/heroku/bin:/home/ademola/.nvm/versions/node/v7.4.0/bin:/usr/local/sbin:/usr/local/bin:/usr/sbin:/usr/bin:/sbin:/bin:/usr/games:/usr/local/games:/snap/bin
8 verbose lifecycle react-rough@0.1.0~prebuild: CWD: /home/ademola/workspace/react-rough
9 silly lifecycle react-rough@0.1.0~prebuild: Args: [ '-c', 'eslint src test' ]
10 silly lifecycle react-rough@0.1.0~prebuild: Returned: code: 0  signal: null
11 info lifecycle react-rough@0.1.0~build: react-rough@0.1.0
12 verbose lifecycle react-rough@0.1.0~build: unsafe-perm in lifecycle true
13 verbose lifecycle react-rough@0.1.0~build: PATH: /home/ademola/.nvm/versions/node/v7.4.0/lib/node_modules/npm/bin/node-gyp-bin:/home/ademola/workspace/react-rough/node_modules/.bin:/usr/local/heroku/bin:/home/ademola/.nvm/versions/node/v7.4.0/bin:/usr/local/sbin:/usr/local/bin:/usr/sbin:/usr/bin:/sbin:/bin:/usr/games:/usr/local/games:/snap/bin
14 verbose lifecycle react-rough@0.1.0~build: CWD: /home/ademola/workspace/react-rough
15 silly lifecycle react-rough@0.1.0~build: Args: [ '-c', 'npm-run-all rollup minify:* -s size' ]
16 silly lifecycle react-rough@0.1.0~build: Returned: code: 1  signal: null
17 info lifecycle react-rough@0.1.0~build: Failed to exec build script
18 verbose stack Error: react-rough@0.1.0 build: `npm-run-all rollup minify:* -s size`
18 verbose stack Exit status 1
18 verbose stack     at EventEmitter.<anonymous> (/home/ademola/.nvm/versions/node/v7.4.0/lib/node_modules/npm/lib/utils/lifecycle.js:279:16)
18 verbose stack     at emitTwo (events.js:106:13)
18 verbose stack     at EventEmitter.emit (events.js:191:7)
18 verbose stack     at ChildProcess.<anonymous> (/home/ademola/.nvm/versions/node/v7.4.0/lib/node_modules/npm/lib/utils/spawn.js:40:14)
18 verbose stack     at emitTwo (events.js:106:13)
18 verbose stack     at ChildProcess.emit (events.js:191:7)
18 verbose stack     at maybeClose (internal/child_process.js:885:16)
18 verbose stack     at Process.ChildProcess._handle.onexit (internal/child_process.js:226:5)
19 verbose pkgid react-rough@0.1.0
20 verbose cwd /home/ademola/workspace/react-rough
21 error Linux 4.4.0-66-generic
22 error argv "/home/ademola/.nvm/versions/node/v7.4.0/bin/node" "/home/ademola/.nvm/versions/node/v7.4.0/bin/npm" "run" "build"
23 error node v7.4.0
24 error npm  v4.0.5
25 error code ELIFECYCLE
26 error react-rough@0.1.0 build: `npm-run-all rollup minify:* -s size`
26 error Exit status 1
27 error Failed at the react-rough@0.1.0 build script 'npm-run-all rollup minify:* -s size'.
27 error Make sure you have the latest version of node.js and npm installed.
27 error If you do, this is most likely a problem with the react-rough package,
27 error not with npm itself.
27 error Tell the author that this fails on your system:
27 error     npm-run-all rollup minify:* -s size
27 error You can get information on how to open an issue for this project with:
27 error     npm bugs react-rough
27 error Or if that isn't available, you can get their info via:
27 error     npm owner ls react-rough
27 error There is likely additional logging output above.
28 verbose exit [ 1, true ]
